# JRE version: Java(TM) SE Runtime Environment (8.0_25-b18) (build 1.8.0_25-b18)
# Java VM: Java HotSpot(TM) 64-Bit Server VM (25.25-b02 mixed mode windows-amd64 compressed oops)
Heap:
 PSYoungGen      total 56320K, used 27215K [0x00000000d5f80000, 0x00000000dba80000, 0x0000000100000000)
  eden space 45568K, 38% used [0x00000000d5f80000,0x00000000d7092708,0x00000000d8c00000)
  from space 10752K, 90% used [0x00000000d8c00000,0x00000000d95817a0,0x00000000d9680000)
  to   space 12288K, 0% used [0x00000000dae80000,0x00000000dae80000,0x00000000dba80000)
 ParOldGen       total 52224K, used 6860K [0x0000000081e00000, 0x0000000085100000, 0x00000000d5f80000)
  object space 52224K, 13% used [0x0000000081e00000,0x00000000824b3160,0x0000000085100000)
 Metaspace       used 43830K, capacity 47186K, committed 47360K, reserved 1093632K
  class space    used 3830K, capacity 3989K, committed 4096K, reserved 1048576K
GC Heap History (10 events):
Event: 1443.683 GC heap before
{Heap before GC invocations=12 (full 1):
 PSYoungGen      total 37888K, used 9602K [0x00000000d5f80000, 0x00000000d9100000, 0x0000000100000000)
  eden space 29184K, 3% used [0x00000000d5f80000,0x00000000d60683a8,0x00000000d7c00000)
  from space 8704K, 99% used [0x00000000d8600000,0x00000000d8e78720,0x00000000d8e80000)
  to   space 10240K, 0% used [0x00000000d7c00000,0x00000000d7c00000,0x00000000d8600000)
 ParOldGen       total 44544K, used 8727K [0x0000000081e00000, 0x0000000084980000, 0x00000000d5f80000)
  object space 44544K, 19% used [0x0000000081e00000,0x0000000082685f10,0x0000000084980000)
 Metaspace       used 31911K, capacity 35332K, committed 35496K, reserved 1081344K
  class space    used 3217K, capacity 3321K, committed 3328K, reserved 1048576K
Event: 1443.686 GC heap after
Heap after GC invocations=12 (full 1):
 PSYoungGen      total 39424K, used 32K [0x00000000d5f80000, 0x00000000da280000, 0x0000000100000000)
  eden space 29184K, 0% used [0x00000000d5f80000,0x00000000d5f80000,0x00000000d7c00000)
  from space 10240K, 0% used [0x00000000d7c00000,0x00000000d7c08000,0x00000000d8600000)
  to   space 10752K, 0% used [0x00000000d9800000,0x00000000d9800000,0x00000000da280000)
 ParOldGen       total 44544K, used 17009K [0x0000000081e00000, 0x0000000084980000, 0x00000000d5f80000)
  object space 44544K, 38% used [0x0000000081e00000,0x0000000082e9c6b8,0x0000000084980000)
 Metaspace       used 31911K, capacity 35332K, committed 35496K, reserved 1081344K
  class space    used 3217K, capacity 3321K, committed 3328K, reserved 1048576K
}
Event: 1443.686 GC heap before
{Heap before GC invocations=13 (full 2):
 PSYoungGen      total 39424K, used 32K [0x00000000d5f80000, 0x00000000da280000, 0x0000000100000000)
  eden space 29184K, 0% used [0x00000000d5f80000,0x00000000d5f80000,0x00000000d7c00000)
  from space 10240K, 0% used [0x00000000d7c00000,0x00000000d7c08000,0x00000000d8600000)
  to   space 10752K, 0% used [0x00000000d9800000,0x00000000d9800000,0x00000000da280000)
 ParOldGen       total 44544K, used 17009K [0x0000000081e00000, 0x0000000084980000, 0x00000000d5f80000)
  object space 44544K, 38% used [0x0000000081e00000,0x0000000082e9c6b8,0x0000000084980000)
 Metaspace       used 31911K, capacity 35332K, committed 35496K, reserved 1081344K
  class space    used 3217K, capacity 3321K, committed 3328K, reserved 1048576K
Event: 1443.754 GC heap after
Heap after GC invocations=13 (full 2):
 PSYoungGen      total 39424K, used 0K [0x00000000d5f80000, 0x00000000da280000, 0x0000000100000000)
  eden space 29184K, 0% used [0x00000000d5f80000,0x00000000d5f80000,0x00000000d7c00000)
  from space 10240K, 0% used [0x00000000d7c00000,0x00000000d7c00000,0x00000000d8600000)
  to   space 10752K, 0% used [0x00000000d9800000,0x00000000d9800000,0x00000000da280000)
 ParOldGen       total 58368K, used 16528K [0x0000000081e00000, 0x0000000085700000, 0x00000000d5f80000)
  object space 58368K, 28% used [0x0000000081e00000,0x0000000082e24128,0x0000000085700000)
 Metaspace       used 31909K, capacity 35330K, committed 35496K, reserved 1081344K
  class space    used 3217K, capacity 3320K, committed 3328K, reserved 1048576K
}
Event: 1448.263 GC heap before
{Heap before GC invocations=14 (full 2):
 PSYoungGen      total 39424K, used 15819K [0x00000000d5f80000, 0x00000000da280000, 0x0000000100000000)
  eden space 29184K, 54% used [0x00000000d5f80000,0x00000000d6ef2c68,0x00000000d7c00000)
  from space 10240K, 0% used [0x00000000d7c00000,0x00000000d7c00000,0x00000000d8600000)
  to   space 10752K, 0% used [0x00000000d9800000,0x00000000d9800000,0x00000000da280000)
 ParOldGen       total 58368K, used 16528K [0x0000000081e00000, 0x0000000085700000, 0x00000000d5f80000)
  object space 58368K, 28% used [0x0000000081e00000,0x0000000082e24128,0x0000000085700000)
 Metaspace       used 32781K, capacity 36226K, committed 36352K, reserved 1083392K
  class space    used 3217K, capacity 3320K, committed 3328K, reserved 1048576K
Event: 1448.272 GC heap after
Heap after GC invocations=14 (full 2):
 PSYoungGen      total 54784K, used 192K [0x00000000d5f80000, 0x00000000da100000, 0x0000000100000000)
  eden space 45568K, 0% used [0x00000000d5f80000,0x00000000d5f80000,0x00000000d8c00000)
  from space 9216K, 2% used [0x00000000d9800000,0x00000000d9830000,0x00000000da100000)
  to   space 10752K, 0% used [0x00000000d8c00000,0x00000000d8c00000,0x00000000d9680000)
 ParOldGen       total 58368K, used 16536K [0x0000000081e00000, 0x0000000085700000, 0x00000000d5f80000)
  object space 58368K, 28% used [0x0000000081e00000,0x0000000082e26128,0x0000000085700000)
 Metaspace       used 32781K, capacity 36226K, committed 36352K, reserved 1083392K
  class space    used 3217K, capacity 3320K, committed 3328K, reserved 1048576K
}
Event: 1448.272 GC heap before
{Heap before GC invocations=15 (full 3):
 PSYoungGen      total 54784K, used 192K [0x00000000d5f80000, 0x00000000da100000, 0x0000000100000000)
  eden space 45568K, 0% used [0x00000000d5f80000,0x00000000d5f80000,0x00000000d8c00000)
  from space 9216K, 2% used [0x00000000d9800000,0x00000000d9830000,0x00000000da100000)
  to   space 10752K, 0% used [0x00000000d8c00000,0x00000000d8c00000,0x00000000d9680000)
 ParOldGen       total 58368K, used 16536K [0x0000000081e00000, 0x0000000085700000, 0x00000000d5f80000)
  object space 58368K, 28% used [0x0000000081e00000,0x0000000082e26128,0x0000000085700000)
 Metaspace       used 32781K, capacity 36226K, committed 36352K, reserved 1083392K
  class space    used 3217K, capacity 3320K, committed 3328K, reserved 1048576K
Event: 1448.322 GC heap after
Heap after GC invocations=15 (full 3):
 PSYoungGen      total 54784K, used 0K [0x00000000d5f80000, 0x00000000da100000, 0x0000000100000000)
  eden space 45568K, 0% used [0x00000000d5f80000,0x00000000d5f80000,0x00000000d8c00000)
  from space 9216K, 0% used [0x00000000d9800000,0x00000000d9800000,0x00000000da100000)
  to   space 10752K, 0% used [0x00000000d8c00000,0x00000000d8c00000,0x00000000d9680000)
 ParOldGen       total 52224K, used 6852K [0x0000000081e00000, 0x0000000085100000, 0x00000000d5f80000)
  object space 52224K, 13% used [0x0000000081e00000,0x00000000824b1160,0x0000000085100000)
 Metaspace       used 32781K, capacity 36226K, committed 36352K, reserved 1083392K
  class space    used 3217K, capacity 3320K, committed 3328K, reserved 1048576K
}
Event: 1453.141 GC heap before
{Heap before GC invocations=16 (full 3):
 PSYoungGen      total 54784K, used 45568K [0x00000000d5f80000, 0x00000000da100000, 0x0000000100000000)
  eden space 45568K, 100% used [0x00000000d5f80000,0x00000000d8c00000,0x00000000d8c00000)
  from space 9216K, 0% used [0x00000000d9800000,0x00000000d9800000,0x00000000da100000)
  to   space 10752K, 0% used [0x00000000d8c00000,0x00000000d8c00000,0x00000000d9680000)
 ParOldGen       total 52224K, used 6852K [0x0000000081e00000, 0x0000000085100000, 0x00000000d5f80000)
  object space 52224K, 13% used [0x0000000081e00000,0x00000000824b1160,0x0000000085100000)
 Metaspace       used 40245K, capacity 43682K, committed 43904K, reserved 1089536K
  class space    used 3572K, capacity 3672K, committed 3712K, reserved 1048576K
Event: 1453.146 GC heap after
Heap after GC invocations=16 (full 3):
 PSYoungGen      total 56320K, used 9733K [0x00000000d5f80000, 0x00000000dba80000, 0x0000000100000000)
  eden space 45568K, 0% used [0x00000000d5f80000,0x00000000d5f80000,0x00000000d8c00000)
  from space 10752K, 90% used [0x00000000d8c00000,0x00000000d95817a0,0x00000000d9680000)
  to   space 12288K, 0% used [0x00000000dae80000,0x00000000dae80000,0x00000000dba80000)
 ParOldGen       total 52224K, used 6860K [0x0000000081e00000, 0x0000000085100000, 0x00000000d5f80000)
  object space 52224K, 13% used [0x0000000081e00000,0x00000000824b3160,0x0000000085100000)
 Metaspace       used 40245K, capacity 43682K, committed 43904K, reserved 1089536K
  class space    used 3572K, capacity 3672K, committed 3712K, reserved 1048576K
}

